ABORT  65733
ADD_FUEL_QUANTITY  66601
ADF  65566
ADF_1_DEC  65668
ADF_1_INC  65650
ADF_10_DEC  65667
ADF_10_INC  65649
ADF_100_DEC  65666
ADF_100_INC  65648
ADF_ACTIVE_SET  67293
ADF_CARD_DEC  65882
ADF_CARD_INC  65881
ADF_CARD_SET  66039
ADF_COMPLETE_SET  66479
ADF_EXTENDED_SET  66047
ADF_FRACT_DEC_CARRY  66461
ADF_FRACT_INC_CARRY  66462
ADF_HIGHRANGE_SET  66123
ADF_LOWRANGE_SET  66122
ADF_SET  65714
ADF_STBY_SET  67294
ADF_VOLUME_DEC  67083
ADF_VOLUME_INC  67082
ADF_VOLUME_SET  67081
ADF1_RADIO_SWAP  66741
ADF1_RADIO_TENTHS_DEC  66453
ADF1_RADIO_TENTHS_INC  66454
ADF1_WHOLE_DEC  66543
ADF1_WHOLE_INC  66542
ADF2_1_DEC  66550
ADF2_1_INC  66546
ADF2_10_DEC  66549
ADF2_10_INC  66545
ADF2_100_DEC  66548
ADF2_100_INC  66544
ADF2_ACTIVE_SET  67295
ADF2_COMPLETE_SET  66556
ADF2_FRACT_DEC_CARRY  66554
ADF2_FRACT_INC_CARRY  66555
ADF2_RADIO_SWAP  66742
ADF2_RADIO_TENTHS_DEC  66551
ADF2_RADIO_TENTHS_INC  66547
ADF2_STBY_SET  68039
ADF2_WHOLE_DEC  66553
ADF2_WHOLE_INC  66552
AILERON_LEFT  65685
AILERON_RIGHT  65687
AILERON_SET  65695
AILERON_TRIM_DISABLED_SET  67004
AILERON_TRIM_DISABLED_TOGGLE  67005
AILERON_TRIM_LEFT  66276
AILERON_TRIM_RIGHT  66277
AILERON_TRIM_SET  66731
AILERON_TRIM_SET_EX1  67236
AILERONS_LEFT  65611
AILERONS_RIGHT  65613
AIRSPEED_BUG_SELECT  66532
ALL_LIGHTS_TOGGLE  65574
ALTERNATOR_OFF  67174
ALTERNATOR_ON  67175
ALTERNATOR_SET  67181
ALTITUDE_BUG_SELECT  66510
ALTITUDE_SLOT_INDEX_SET  68067
ANNUNCIATOR_SWITCH_OFF  66890
ANNUNCIATOR_SWITCH_ON  66889
ANNUNCIATOR_SWITCH_TOGGLE  66888
ANTI_ICE_GRADUAL_SET  67011
ANTI_ICE_GRADUAL_SET_ENG1  67012
ANTI_ICE_GRADUAL_SET_ENG2  67013
ANTI_ICE_GRADUAL_SET_ENG3  67014
ANTI_ICE_GRADUAL_SET_ENG4  67015
ANTI_ICE_OFF  66030
ANTI_ICE_ON  66029
ANTI_ICE_SET  66031
ANTI_ICE_SET_ENG1  66488
ANTI_ICE_SET_ENG2  66489
ANTI_ICE_SET_ENG3  66490
ANTI_ICE_SET_ENG4  66491
ANTI_ICE_TOGGLE  65571
ANTI_ICE_TOGGLE_ENG1  66484
ANTI_ICE_TOGGLE_ENG2  66485
ANTI_ICE_TOGGLE_ENG3  66486
ANTI_ICE_TOGGLE_ENG4  66487
ANTIDETONATION_TANK_VALVE_TOGGLE  66871
ANTISKID_BRAKES_TOGGLE  66720
AP_AIRSPEED_HOLD  65859
AP_AIRSPEED_OFF  66094
AP_AIRSPEED_ON  66093
AP_AIRSPEED_SET  66095
AP_ALT_HOLD  65726
AP_ALT_HOLD_OFF  65816
AP_ALT_HOLD_ON  65808
AP_ALT_RADIO_MODE_OFF  67427
AP_ALT_RADIO_MODE_ON  67426
AP_ALT_RADIO_MODE_SET  67425
AP_ALT_RADIO_MODE_TOGGLE  67424
AP_ALT_VAR_DEC  65893
AP_ALT_VAR_INC  65892
AP_ALT_VAR_SET_ENGLISH  66124
AP_ALT_VAR_SET_METRIC  66035
AP_APR_HOLD  65724
AP_APR_HOLD_OFF  65814
AP_APR_HOLD_ON  65806
AP_ATT_HOLD  65722
AP_ATT_HOLD_OFF  65812
AP_ATT_HOLD_ON  65804
AP_AVIONICS_MANAGED_OFF  67301
AP_AVIONICS_MANAGED_ON  67300
AP_AVIONICS_MANAGED_SET  67303
AP_AVIONICS_MANAGED_TOGGLE  67302
AP_BANK_HOLD  67309
AP_BANK_HOLD_OFF  67311
AP_BANK_HOLD_ON  67310
AP_BC_HOLD  65728
AP_BC_HOLD_OFF  65818
AP_BC_HOLD_ON  65810
AP_HDG_HOLD  65725
AP_HDG_HOLD_OFF  65815
AP_HDG_HOLD_ON  65807
AP_LOC_HOLD  65723
AP_LOC_HOLD_OFF  65813
AP_LOC_HOLD_ON  65805
AP_MACH_HOLD  65918
AP_MACH_OFF  66097
AP_MACH_ON  66096
AP_MACH_SET  66098
AP_MACH_VAR_DEC  65917
AP_MACH_VAR_INC  65916
AP_MACH_VAR_SET  66038
AP_MACH_VAR_SET_EX1  67269
AP_MANAGED_SPEED_IN_MACH_OFF  67230
AP_MANAGED_SPEED_IN_MACH_ON  67229
AP_MANAGED_SPEED_IN_MACH_SET  67228
AP_MANAGED_SPEED_IN_MACH_TOGGLE  67231
AP_MASTER  65580
AP_MAX_BANK_DEC  66710
AP_MAX_BANK_INC  66709
AP_MAX_BANK_SET  67253
AP_N1_HOLD  66711
AP_N1_REF_DEC  65899
AP_N1_REF_INC  65898
AP_N1_REF_SET  65900
AP_NAV_SELECT_SET  66502
AP_NAV1_HOLD  65729
AP_NAV1_HOLD_OFF  65819
AP_NAV1_HOLD_ON  65811
AP_PANEL_ALTITUDE_HOLD  65799
AP_PANEL_ALTITUDE_OFF  66104
AP_PANEL_ALTITUDE_ON  66103
AP_PANEL_ALTITUDE_SET  66105
AP_PANEL_HEADING_HOLD  65798
AP_PANEL_HEADING_OFF  66107
AP_PANEL_HEADING_ON  66106
AP_PANEL_HEADING_SET  66108
AP_PANEL_MACH_HOLD  65915
AP_PANEL_MACH_HOLD_TOGGLE  66356
AP_PANEL_MACH_OFF  66110
AP_PANEL_MACH_ON  66109
AP_PANEL_MACH_SET  66111
AP_PANEL_SPEED_HOLD  65891
AP_PANEL_SPEED_HOLD_TOGGLE  66353
AP_PANEL_SPEED_OFF  66113
AP_PANEL_SPEED_ON  66112
AP_PANEL_SPEED_SET  66114
AP_PANEL_VS_HOLD  65890
AP_PANEL_VS_OFF  66116
AP_PANEL_VS_ON  66115
AP_PANEL_VS_SET  66117
AP_PITCH_LEVELER  67069
AP_PITCH_LEVELER_OFF  67071
AP_PITCH_LEVELER_ON  67070
AP_PITCH_REF_INC_DN  66584
AP_PITCH_REF_INC_UP  66583
AP_PITCH_REF_SELECT  66585
AP_PITCH_REF_SET  67297
AP_SPD_VAR_DEC  65897
AP_SPD_VAR_INC  65896
AP_SPD_VAR_SET  66037
AP_SPD_VAR_SET_EX1  67268
AP_VS_HOLD  66099
AP_VS_OFF  66101
AP_VS_ON  66100
AP_VS_SET  66102
AP_VS_VAR_DEC  65895
AP_VS_VAR_INC  65894
AP_VS_VAR_SET_CURRENT  67232
AP_VS_VAR_SET_ENGLISH  66036
AP_VS_VAR_SET_METRIC  66125
AP_WING_LEVELER  65727
AP_WING_LEVELER_OFF  65817
AP_WING_LEVELER_ON  65809
APU_BLEED_AIR_SOURCE_SET  67086
APU_BLEED_AIR_SOURCE_TOGGLE  67087
APU_EXTINGUISH_FIRE  66826
APU_GENERATOR_SWITCH_SET  66707
APU_GENERATOR_SWITCH_TOGGLE  66706
APU_OFF_SWITCH  66705
APU_STARTER  66704
ATC  65564
ATC_MENU_0  66181
ATC_MENU_1  66172
ATC_MENU_2  66173
ATC_MENU_3  66174
ATC_MENU_4  66175
ATC_MENU_5  66176
ATC_MENU_6  66177
ATC_MENU_7  66178
ATC_MENU_8  66179
ATC_MENU_9  66180
ATTITUDE_BARS_POSITION_DOWN  66319
ATTITUDE_BARS_POSITION_SET  66993
ATTITUDE_BARS_POSITION_UP  66318
ATTITUDE_CAGE_BUTTON  66373
AUDIO_PANEL_VOLUME_DEC  66950
AUDIO_PANEL_VOLUME_INC  66949
AUDIO_PANEL_VOLUME_SET  67222
AUTO_THROTTLE_ARM  65860
AUTO_THROTTLE_DISCONNECT  67279
AUTO_THROTTLE_TO_GA  65861
AUTOBRAKE_DISARM  67286
AUTOBRAKE_HI_SET  67278
AUTOBRAKE_LO_SET  67276
AUTOBRAKE_MED_SET  67277
AUTOPILOT_DISENGAGE_SET  67028
AUTOPILOT_DISENGAGE_TOGGLE  66904
AUTOPILOT_OFF  65791
AUTOPILOT_ON  65792
AUTORUDDER_TOGGLE  65951
AVIONICS_MASTER_1_OFF  67177
AVIONICS_MASTER_1_ON  67176
AVIONICS_MASTER_1_SET  68070
AVIONICS_MASTER_2_OFF  67179
AVIONICS_MASTER_2_ON  67178
AVIONICS_MASTER_2_SET  68071
AVIONICS_MASTER_SET  66701
AXIS_AILERONS_SET  65763
AXIS_CONDITION_LEVER_1_SET  67372
AXIS_CONDITION_LEVER_2_SET  67379
AXIS_CONDITION_LEVER_3_SET  67386
AXIS_CONDITION_LEVER_4_SET  67393
AXIS_CONDITION_LEVER_SET  67365
AXIS_ELEV_TRIM_SET  65766
AXIS_ELEVATOR_SET  65762
AXIS_FLAPS_SET  66534
AXIS_IND_SET  65702
AXIS_LEFT_BRAKE_SET  66387
AXIS_MIXTURE_SET  66292
AXIS_MIXTURE1_SET  66422
AXIS_MIXTURE2_SET  66425
AXIS_MIXTURE3_SET  66428
AXIS_MIXTURE4_SET  66431
AXIS_PAN_HEADING  66504
AXIS_PAN_PITCH  66503
AXIS_PAN_TILT  66505
AXIS_PROPELLER_SET  66291
AXIS_PROPELLER1_SET  66421
AXIS_PROPELLER2_SET  66424
AXIS_PROPELLER3_SET  66427
AXIS_PROPELLER4_SET  66430
AXIS_RIGHT_BRAKE_SET  66388
AXIS_RUDDER_SET  65764
AXIS_SLEW_AHEAD_SET  65867
AXIS_SLEW_ALT_SET  65870
AXIS_SLEW_BANK_SET  65871
AXIS_SLEW_HEADING_SET  65869
AXIS_SLEW_PITCH_SET  65872
AXIS_SLEW_SIDEWAYS_SET  65868
AXIS_SPOILER_SET  66382
AXIS_THROTTLE_MINUS  67317
AXIS_THROTTLE_PLUS  67316
AXIS_THROTTLE_SET  65765
AXIS_THROTTLE1_SET  66420
AXIS_THROTTLE2_SET  66423
AXIS_THROTTLE3_SET  66426
AXIS_THROTTLE4_SET  66429
BAROMETRIC  65584
BAROMETRIC_STD_PRESSURE  66846
BATTERY1_SET  67187
BATTERY2_SET  67188
BATTERY3_SET  67189
BATTERY4_SET  67190
BEACON_LIGHTS_OFF  67169
BEACON_LIGHTS_ON  67168
BEACON_LIGHTS_SET  67185
BLEED_AIR_SOURCE_CONTROL_DEC  66716
BLEED_AIR_SOURCE_CONTROL_INC  66715
BLEED_AIR_SOURCE_CONTROL_SET  66886
BRAKES  65588
BRAKES_LEFT  65720
BRAKES_RIGHT  65721
BREAKER_ADF_SET  66935
BREAKER_ADF_TOGGLE  66920
BREAKER_ALTFLD_SET  66943
BREAKER_ALTFLD_TOGGLE  66928
BREAKER_AUTOPILOT_SET  66931
BREAKER_AUTOPILOT_TOGGLE  66916
BREAKER_AVNBUS1_SET  66939
BREAKER_AVNBUS1_TOGGLE  66924
BREAKER_AVNBUS2_SET  66940
BREAKER_AVNBUS2_TOGGLE  66925
BREAKER_AVNFAN_SET  66930
BREAKER_AVNFAN_TOGGLE  66915
BREAKER_FLAP_SET  66937
BREAKER_FLAP_TOGGLE  66922
BREAKER_GPS_SET  66932
BREAKER_GPS_TOGGLE  66917
BREAKER_INST_SET  66938
BREAKER_INST_TOGGLE  66923
BREAKER_INSTLTS_SET  66942
BREAKER_INSTLTS_TOGGLE  66927
BREAKER_NAVCOM1_SET  66933
BREAKER_NAVCOM1_TOGGLE  66918
BREAKER_NAVCOM2_SET  66934
BREAKER_NAVCOM2_TOGGLE  66919
BREAKER_NAVCOM3_SET  67050
BREAKER_NAVCOM3_TOGGLE  67051
BREAKER_TURNCOORD_SET  66941
BREAKER_TURNCOORD_TOGGLE  66926
BREAKER_WARN_SET  66944
BREAKER_WARN_TOGGLE  66929
BREAKER_XPNDR_SET  66936
BREAKER_XPNDR_TOGGLE  66921
CABIN_LIGHTS_OFF  66976
CABIN_LIGHTS_ON  66975
CABIN_LIGHTS_POWER_SETTING_SET  67210
CABIN_LIGHTS_SET  66977
CABIN_NO_SMOKING_ALERT_SWITCH_TOGGLE  66718
CABIN_SEATBELTS_ALERT_SWITCH_TOGGLE  66719
CENTER_AILER_RUDDER  65612
CENTER_NT361_CHECK  65803
CHASE_VIEW_TOGGLE  66515
CHVPP_AP_ALT_WING  65802
CHVPP_LEFT_HAT_DOWN  65801
CHVPP_LEFT_HAT_UP  65800
CLOCK_HOURS_DEC  65657
CLOCK_HOURS_INC  65658
CLOCK_HOURS_SET  66044
CLOCK_MINUTES_DEC  65659
CLOCK_MINUTES_INC  65660
CLOCK_MINUTES_SET  66045
CLOCK_SECONDS_ZERO  65661
CLOSE_VIEW  65824
COM_1_SPACING_MODE_SWITCH  67237
COM_2_SPACING_MODE_SWITCH  67238
COM_3_SPACING_MODE_SWITCH  67239
COM_RADIO  65582
COM_RADIO_FRACT_DEC  65638
COM_RADIO_FRACT_DEC_CARRY  66434
COM_RADIO_FRACT_INC  65639
COM_RADIO_FRACT_INC_CARRY  66435
COM_RADIO_SET  65707
COM_RADIO_SET_HZ  67240
COM_RADIO_WHOLE_DEC  65636
COM_RADIO_WHOLE_INC  65637
COM_RECEIVE_ALL_SET  66466
COM_RECEIVE_ALL_TOGGLE  66465
COM_STBY_RADIO_SET  66371
COM_STBY_RADIO_SET_HZ  67241
COM_STBY_RADIO_SWAP  66372
COM1_RADIO_SWAP  67049
COM1_RECEIVE_SELECT  66964
COM1_STORED_FREQUENCY_INDEX_SET  66995
COM1_STORED_FREQUENCY_SET  66994
COM1_STORED_FREQUENCY_SET_HZ  67246
COM1_TRANSMIT_SELECT  66463
COM1_VOLUME_DEC  66980
COM1_VOLUME_INC  66979
COM1_VOLUME_SET  66978
COM2_RADIO_FRACT_DEC  66438
COM2_RADIO_FRACT_DEC_CARRY  66439
COM2_RADIO_FRACT_INC  66440
COM2_RADIO_FRACT_INC_CARRY  66441
COM2_RADIO_SET  66442
COM2_RADIO_SET_HZ  67242
COM2_RADIO_SWAP  66444
COM2_RADIO_WHOLE_DEC  66436
COM2_RADIO_WHOLE_INC  66437
COM2_RECEIVE_SELECT  66965
COM2_STBY_RADIO_SET  66443
COM2_STBY_RADIO_SET_HZ  67243
COM2_STORED_FREQUENCY_INDEX_SET  66997
COM2_STORED_FREQUENCY_SET  66996
COM2_STORED_FREQUENCY_SET_HZ  67247
COM2_TRANSMIT_SELECT  66464
COM2_VOLUME_DEC  66983
COM2_VOLUME_INC  66982
COM2_VOLUME_SET  66981
COM3_RADIO_FRACT_DEC  66958
COM3_RADIO_FRACT_DEC_CARRY  66960
COM3_RADIO_FRACT_INC  66959
COM3_RADIO_FRACT_INC_CARRY  66961
COM3_RADIO_SET  66954
COM3_RADIO_SET_HZ  67244
COM3_RADIO_SWAP  66962
COM3_RADIO_WHOLE_DEC  66956
COM3_RADIO_WHOLE_INC  66957
COM3_RECEIVE_SELECT  66966
COM3_STBY_RADIO_SET  66955
COM3_STBY_RADIO_SET_HZ  67245
COM3_STORED_FREQUENCY_INDEX_SET  66999
COM3_STORED_FREQUENCY_SET  66998
COM3_STORED_FREQUENCY_SET_HZ  67248
COM3_VOLUME_DEC  66986
COM3_VOLUME_INC  66985
COM3_VOLUME_SET  66984
CONDITION_LEVER_1_CUT_OFF  67371
CONDITION_LEVER_1_DEC  67368
CONDITION_LEVER_1_HIGH_IDLE  67369
CONDITION_LEVER_1_INC  67367
CONDITION_LEVER_1_LOW_IDLE  67370
CONDITION_LEVER_1_SET  67366
CONDITION_LEVER_2_CUT_OFF  67378
CONDITION_LEVER_2_DEC  67375
CONDITION_LEVER_2_HIGH_IDLE  67376
CONDITION_LEVER_2_INC  67374
CONDITION_LEVER_2_LOW_IDLE  67377
CONDITION_LEVER_2_SET  67373
CONDITION_LEVER_3_CUT_OFF  67385
CONDITION_LEVER_3_DEC  67382
CONDITION_LEVER_3_HIGH_IDLE  67383
CONDITION_LEVER_3_INC  67381
CONDITION_LEVER_3_LOW_IDLE  67384
CONDITION_LEVER_3_SET  67380
CONDITION_LEVER_4_CUT_OFF  67392
CONDITION_LEVER_4_DEC  67389
CONDITION_LEVER_4_HIGH_IDLE  67390
CONDITION_LEVER_4_INC  67388
CONDITION_LEVER_4_LOW_IDLE  67391
CONDITION_LEVER_4_SET  67387
CONDITION_LEVER_CUT_OFF  67364
CONDITION_LEVER_DEC  67361
CONDITION_LEVER_HIGH_IDLE  67362
CONDITION_LEVER_INC  67360
CONDITION_LEVER_LOW_IDLE  67363
CONDITION_LEVER_SET  67359
COPILOT_TRANSMITTER_SET  66946
COWLFLAP1_SET  66162
COWLFLAP2_SET  66163
COWLFLAP3_SET  66164
COWLFLAP4_SET  66165
CROSS_FEED_LEFT_TO_RIGHT  65888
CROSS_FEED_OFF  65887
CROSS_FEED_OPEN  66595
CROSS_FEED_RIGHT_TO_LEFT  65889
CROSS_FEED_TOGGLE  66596
DEC_COWL_FLAPS  66244
DEC_COWL_FLAPS1  66330
DEC_COWL_FLAPS2  66332
DEC_COWL_FLAPS3  66334
DEC_COWL_FLAPS4  66336
DECREASE_AUTOBRAKE_CONTROL  66299
DECREASE_DECISION_HEIGHT  66322
DECREASE_THROTTLE  65617
DEMO_RECORD_1_SEC  65543
DEMO_RECORD_5_SEC  65544
DEMO_STOP  65537
DME  65569
DME_SELECT  66650
DME1_TOGGLE  65787
DME2_TOGGLE  65788
EGT  65558
EGT_DEC  66033
EGT_INC  66032
EGT_SET  66034
EGT1_DEC  66082
EGT1_INC  66081
EGT1_SET  66083
EGT2_DEC  66085
EGT2_INC  66084
EGT2_SET  66086
EGT3_DEC  66088
EGT3_INC  66087
EGT3_SET  66089
EGT4_DEC  66091
EGT4_INC  66090
EGT4_SET  66092
ELECT_FUEL_PUMP1_SET  67052
ELECT_FUEL_PUMP2_SET  67053
ELECT_FUEL_PUMP3_SET  67054
ELECT_FUEL_PUMP4_SET  67055
ELECTRICAL_ALTERNATOR_BREAKER_TOGGLE  67079
ELECTRICAL_BATTERY_BREAKER_TOGGLE  67078
ELECTRICAL_BUS_BREAKER_TOGGLE  67077
ELECTRICAL_BUS_TO_ALTERNATOR_CONNECTION_TOGGLE  67075
ELECTRICAL_BUS_TO_BATTERY_CONNECTION_TOGGLE  67074
ELECTRICAL_BUS_TO_BUS_CONNECTION_TOGGLE  67073
ELECTRICAL_BUS_TO_CIRCUIT_CONNECTION_TOGGLE  67076
ELECTRICAL_BUS_TO_EXTERNAL_POWER_CONNECTION_TOGGLE  67088
ELECTRICAL_CIRCUIT_BREAKER_TOGGLE  67080
ELECTRICAL_CIRCUIT_POWER_SETTING_SET  67208
ELECTRICAL_CIRCUIT_TOGGLE  67072
ELECTRICAL_EXECUTE_PROCEDURE  67213
ELECTRICAL_EXTERNAL_POWER_BREAKER_TOGGLE  67089
ELEV_DOWN  65608
ELEV_TRIM_DN  65607
ELEV_TRIM_UP  65615
ELEV_UP  65616
ELEVATOR_DOWN  65683
ELEVATOR_SET  65694
ELEVATOR_TRIM_DISABLED_SET  67002
ELEVATOR_TRIM_DISABLED_TOGGLE  67003
ELEVATOR_TRIM_SET  65706
ELEVATOR_UP  65684
ELT_OFF  67023
ELT_ON  67024
ELT_SET  67025
ELT_TOGGLE  67022
ENGINE  65554
ENGINE_AUTO_SHUTDOWN  66531
ENGINE_AUTO_START  66224
ENGINE_BLEED_AIR_SOURCE_SET  67084
ENGINE_BLEED_AIR_SOURCE_TOGGLE  67085
ENGINE_MASTER_1_SET  67059
ENGINE_MASTER_1_TOGGLE  67063
ENGINE_MASTER_2_SET  67060
ENGINE_MASTER_2_TOGGLE  67064
ENGINE_MASTER_3_SET  67061
ENGINE_MASTER_3_TOGGLE  67065
ENGINE_MASTER_4_SET  67062
ENGINE_MASTER_4_TOGGLE  67066
ENGINE_MASTER_SET  67026
ENGINE_MASTER_TOGGLE  67027
ENGINE_MODE_CRANK_SET  67273
ENGINE_MODE_IGN_SET  67275
ENGINE_MODE_NORM_SET  67274
ENGINE_PRIMER  66238
EXIT  65732
EXTERNAL_SYSTEM_SET  66702
EXTERNAL_SYSTEM_TOGGLE  66703
EXTINGUISH_ENGINE_FIRE  66708
EYEPOINT_BACK  66529
EYEPOINT_DOWN  66525
EYEPOINT_FORWARD  66528
EYEPOINT_LEFT  66527
EYEPOINT_RESET  66530
EYEPOINT_RIGHT  66526
EYEPOINT_UP  66524
FLAPS_1  65597
FLAPS_2  65599
FLAPS_3  65601
FLAPS_CONTINUOUS_DECR  67057
FLAPS_CONTINUOUS_INCR  67056
FLAPS_CONTINUOUS_SET  67058
FLAPS_DECR  65759
FLAPS_DOWN  65603
FLAPS_INCR  65758
FLAPS_SET  65698
FLAPS_UP  65595
FLIGHT_LEVEL_CHANGE  67214
FLIGHT_LEVEL_CHANGE_OFF  67216
FLIGHT_LEVEL_CHANGE_ON  67215
FLIGHT_MAP  66432
FLY_BY_WIRE_ELAC_TOGGLE  66737
FLY_BY_WIRE_FAC_TOGGLE  66738
FLY_BY_WIRE_SEC_TOGGLE  66739
FREEZE_ALTITUDE_SET  66834
FREEZE_ALTITUDE_TOGGLE  66833
FREEZE_ATTITUDE_SET  66828
FREEZE_ATTITUDE_TOGGLE  66827
FREEZE_LATITUDE_LONGITUDE_SET  66832
FREEZE_LATITUDE_LONGITUDE_TOGGLE  66831
FREQUENCY_SWAP  65581
FUEL_DUMP_SWITCH_SET  66887
FUEL_DUMP_TOGGLE  66651
FUEL_PUMP  66237
FUEL_SELECTOR_1_CROSSFEED  66897
FUEL_SELECTOR_1_ISOLATE  66896
FUEL_SELECTOR_2_ALL  66517
FUEL_SELECTOR_2_CENTER  66522
FUEL_SELECTOR_2_CROSSFEED  66899
FUEL_SELECTOR_2_ISOLATE  66898
FUEL_SELECTOR_2_LEFT  66518
FUEL_SELECTOR_2_LEFT_AUX  66520
FUEL_SELECTOR_2_LEFT_MAIN  66670
FUEL_SELECTOR_2_OFF  66516
FUEL_SELECTOR_2_RIGHT  66519
FUEL_SELECTOR_2_RIGHT_AUX  66521
FUEL_SELECTOR_2_RIGHT_MAIN  66674
FUEL_SELECTOR_2_SET  66523
FUEL_SELECTOR_3_ALL  66562
FUEL_SELECTOR_3_CENTER  66567
FUEL_SELECTOR_3_CROSSFEED  66901
FUEL_SELECTOR_3_ISOLATE  66900
FUEL_SELECTOR_3_LEFT  66563
FUEL_SELECTOR_3_LEFT_AUX  66565
FUEL_SELECTOR_3_LEFT_MAIN  66671
FUEL_SELECTOR_3_OFF  66561
FUEL_SELECTOR_3_RIGHT  66564
FUEL_SELECTOR_3_RIGHT_AUX  66566
FUEL_SELECTOR_3_RIGHT_MAIN  66675
FUEL_SELECTOR_3_SET  66568
FUEL_SELECTOR_4_ALL  66570
FUEL_SELECTOR_4_CENTER  66575
FUEL_SELECTOR_4_CROSSFEED  66903
FUEL_SELECTOR_4_ISOLATE  66902
FUEL_SELECTOR_4_LEFT  66571
FUEL_SELECTOR_4_LEFT_AUX  66573
FUEL_SELECTOR_4_LEFT_MAIN  66672
FUEL_SELECTOR_4_OFF  66569
FUEL_SELECTOR_4_RIGHT  66572
FUEL_SELECTOR_4_RIGHT_AUX  66574
FUEL_SELECTOR_4_RIGHT_MAIN  66676
FUEL_SELECTOR_4_SET  66576
FUEL_SELECTOR_ALL  65956
FUEL_SELECTOR_CENTER  65961
FUEL_SELECTOR_LEFT  65957
FUEL_SELECTOR_LEFT_AUX  65959
FUEL_SELECTOR_LEFT_MAIN  66669
FUEL_SELECTOR_OFF  65955
FUEL_SELECTOR_RIGHT  65958
FUEL_SELECTOR_RIGHT_AUX  65960
FUEL_SELECTOR_RIGHT_MAIN  66673
FUEL_SELECTOR_SET  65962
FUEL_TRANSFER_CUSTOM_INDEX_TOGGLE  67068
FUELSYSTEM_JUNCTION_SET  67199
FUELSYSTEM_PUMP_OFF  67193
FUELSYSTEM_PUMP_ON  67194
FUELSYSTEM_PUMP_SET  67192
FUELSYSTEM_PUMP_TOGGLE  67191
FUELSYSTEM_TRIGGER_OFF  67202
FUELSYSTEM_TRIGGER_ON  67203
FUELSYSTEM_TRIGGER_SET  67201
FUELSYSTEM_TRIGGER_TOGGLE  67200
FUELSYSTEM_VALVE_CLOSE  67197
FUELSYSTEM_VALVE_OPEN  67198
FUELSYSTEM_VALVE_SET  67196
FUELSYSTEM_VALVE_TOGGLE  67195
G_LIMITER_OFF  67345
G_LIMITER_ON  67344
G_LIMITER_SET  67346
G_LIMITER_TOGGLE  67347
G1000_MFD_CLEAR_BUTTON  66782
G1000_MFD_CURSOR_BUTTON  66784
G1000_MFD_DIRECTTO_BUTTON  66778
G1000_MFD_ENTER_BUTTON  66783
G1000_MFD_FLIGHTPLAN_BUTTON  66780
G1000_MFD_GROUP_KNOB_DEC  66786
G1000_MFD_GROUP_KNOB_INC  66785
G1000_MFD_MENU_BUTTON  66779
G1000_MFD_PAGE_KNOB_DEC  66788
G1000_MFD_PAGE_KNOB_INC  66787
G1000_MFD_PROCEDURE_BUTTON  66781
G1000_MFD_SOFTKEY1  66789
G1000_MFD_SOFTKEY10  66798
G1000_MFD_SOFTKEY11  66799
G1000_MFD_SOFTKEY12  66800
G1000_MFD_SOFTKEY2  66790
G1000_MFD_SOFTKEY3  66791
G1000_MFD_SOFTKEY4  66792
G1000_MFD_SOFTKEY5  66793
G1000_MFD_SOFTKEY6  66794
G1000_MFD_SOFTKEY7  66795
G1000_MFD_SOFTKEY8  66796
G1000_MFD_SOFTKEY9  66797
G1000_MFD_ZOOMIN_BUTTON  66776
G1000_MFD_ZOOMOUT_BUTTON  66777
G1000_PFD_CLEAR_BUTTON  66754
G1000_PFD_CURSOR_BUTTON  66756
G1000_PFD_DIRECTTO_BUTTON  66750
G1000_PFD_ENTER_BUTTON  66755
G1000_PFD_FLIGHTPLAN_BUTTON  66752
G1000_PFD_GROUP_KNOB_DEC  66758
G1000_PFD_GROUP_KNOB_INC  66757
G1000_PFD_MENU_BUTTON  66751
G1000_PFD_PAGE_KNOB_DEC  66760
G1000_PFD_PAGE_KNOB_INC  66759
G1000_PFD_PROCEDURE_BUTTON  66753
G1000_PFD_SOFTKEY1  66761
G1000_PFD_SOFTKEY10  66770
G1000_PFD_SOFTKEY11  66771
G1000_PFD_SOFTKEY12  66772
G1000_PFD_SOFTKEY2  66762
G1000_PFD_SOFTKEY3  66763
G1000_PFD_SOFTKEY4  66764
G1000_PFD_SOFTKEY5  66765
G1000_PFD_SOFTKEY6  66766
G1000_PFD_SOFTKEY7  66767
G1000_PFD_SOFTKEY8  66768
G1000_PFD_SOFTKEY9  66769
G1000_PFD_ZOOMIN_BUTTON  66748
G1000_PFD_ZOOMOUT_BUTTON  66749
GAUGE_KEYSTROKE  66683
GEAR_DOWN  66080
GEAR_EMERGENCY_HANDLE_TOGGLE  66726
GEAR_PUMP  65852
GEAR_SET  65700
GEAR_TOGGLE  65570
GEAR_UP  66079
GLARESHIELD_LIGHTS_OFF  66973
GLARESHIELD_LIGHTS_ON  66972
GLARESHIELD_LIGHTS_POWER_SETTING_SET  67212
GLARESHIELD_LIGHTS_SET  66974
GLARESHIELD_LIGHTS_TOGGLE  66971
GPS_ACTIVATE_BUTTON  66614
GPS_BUTTON1  66629
GPS_BUTTON2  66630
GPS_BUTTON3  66631
GPS_BUTTON4  66632
GPS_BUTTON5  66633
GPS_CLEAR_ALL_BUTTON  66620
GPS_CLEAR_BUTTON  66619
GPS_CLEAR_BUTTON_DOWN  66621
GPS_CLEAR_BUTTON_UP  66622
GPS_CURSOR_BUTTON  66624
GPS_DIRECTTO_BUTTON  66617
GPS_ENTER_BUTTON  66623
GPS_FLIGHTPLAN_BUTTON  66609
GPS_GROUP_KNOB_DEC  66626
GPS_GROUP_KNOB_INC  66625
GPS_MENU_BUTTON  66618
GPS_MSG_BUTTON  66606
GPS_MSG_BUTTON_DOWN  66607
GPS_MSG_BUTTON_UP  66608
GPS_NEAREST_BUTTON  66604
GPS_OBS  67292
GPS_OBS_BUTTON  66605
GPS_OBS_DEC  67291
GPS_OBS_INC  67290
GPS_OBS_OFF  67288
GPS_OBS_ON  67287
GPS_OBS_SET  67289
GPS_PAGE_KNOB_DEC  66628
GPS_PAGE_KNOB_INC  66627
GPS_POWER_BUTTON  66602
GPS_PROCEDURE_BUTTON  66612
GPS_SETUP_BUTTON  66613
GPS_TERRAIN_BUTTON  66611
GPS_VNAV_BUTTON  66610
GPS_ZOOMIN_BUTTON  66615
GPS_ZOOMOUT_BUTTON  66616
GPWS_SWITCH_TOGGLE  66721
GYRO_DRIFT_DEC  65878
GYRO_DRIFT_INC  65877
GYRO_DRIFT_SET  66046
GYRO_DRIFT_SET_EX1  67304
HEADING_BUG_DEC  65880
HEADING_BUG_INC  65879
HEADING_BUG_SELECT  66509
HEADING_BUG_SET  66042
HEADING_GYRO_SET  65568
HEADING_SLOT_INDEX_SET  68065
HOIST_DEPLOY_SET  66867
HOIST_DEPLOY_TOGGLE  66866
HOIST_SWITCH_EXTEND  66862
HOIST_SWITCH_RETRACT  66863
HOIST_SWITCH_SET  66864
HORN_TRIGGER  66652
HUD_COLOR  66210
HYDRAULIC_SWITCH_TOGGLE  66712
INC_COWL_FLAPS  66243
INC_COWL_FLAPS1  66329
INC_COWL_FLAPS2  66331
INC_COWL_FLAPS3  66333
INC_COWL_FLAPS4  66335
INCREASE_AUTOBRAKE_CONTROL  66298
INCREASE_DECISION_HEIGHT  66321
INCREASE_THROTTLE  65609
INDUCTOR_COMPASS_REF_DEC  66578
INDUCTOR_COMPASS_REF_INC  66577
INTERCOM_MODE_SET  66953
INVOKE_HELP  66195
JET_STARTER  65572
JOYSTICK_CALIBRATE  65573
KEY_CHASE_VIEW_NEXT  66206
KEY_CHASE_VIEW_PREV  66501
KEY_TUG_HEADING  66498
KEY_TUG_SPEED  66499
KNEEBOARD_VIEW  65876
KOHLSMAN_DEC  65884
KOHLSMAN_INC  65883
KOHLSMAN_SET  66040
LANDING_LIGHT_DOWN  65863
LANDING_LIGHT_HOME  65866
LANDING_LIGHT_LEFT  65864
LANDING_LIGHT_RIGHT  65865
LANDING_LIGHT_UP  65862
LANDING_LIGHTS_OFF  66060
LANDING_LIGHTS_ON  66059
LANDING_LIGHTS_SET  66061
LANDING_LIGHTS_TOGGLE  65751
LIGHT_POTENTIOMETER_1_SET  66905
LIGHT_POTENTIOMETER_10_SET  66914
LIGHT_POTENTIOMETER_11_SET  67029
LIGHT_POTENTIOMETER_12_SET  67030
LIGHT_POTENTIOMETER_13_SET  67031
LIGHT_POTENTIOMETER_14_SET  67032
LIGHT_POTENTIOMETER_15_SET  67033
LIGHT_POTENTIOMETER_16_SET  67034
LIGHT_POTENTIOMETER_17_SET  67035
LIGHT_POTENTIOMETER_18_SET  67036
LIGHT_POTENTIOMETER_19_SET  67037
LIGHT_POTENTIOMETER_2_SET  66906
LIGHT_POTENTIOMETER_20_SET  67038
LIGHT_POTENTIOMETER_21_SET  67039
LIGHT_POTENTIOMETER_22_SET  67040
LIGHT_POTENTIOMETER_23_SET  67041
LIGHT_POTENTIOMETER_24_SET  67042
LIGHT_POTENTIOMETER_25_SET  67043
LIGHT_POTENTIOMETER_26_SET  67044
LIGHT_POTENTIOMETER_27_SET  67045
LIGHT_POTENTIOMETER_28_SET  67046
LIGHT_POTENTIOMETER_29_SET  67047
LIGHT_POTENTIOMETER_3_SET  66907
LIGHT_POTENTIOMETER_30_SET  67048
LIGHT_POTENTIOMETER_4_SET  66908
LIGHT_POTENTIOMETER_5_SET  66909
LIGHT_POTENTIOMETER_6_SET  66910
LIGHT_POTENTIOMETER_7_SET  66911
LIGHT_POTENTIOMETER_8_SET  66912
LIGHT_POTENTIOMETER_9_SET  66913
LIGHT_POTENTIOMETER_DEC  66895
LIGHT_POTENTIOMETER_INC  66894
LIGHT_POTENTIOMETER_SET  67227
LOGO_LIGHTS_SET  67233
MAGNETO  65586
MAGNETO_BOTH  66026
MAGNETO_DECR  65634
MAGNETO_INCR  65635
MAGNETO_LEFT  66025
MAGNETO_OFF  66023
MAGNETO_RIGHT  66024
MAGNETO_SET  65932
MAGNETO_START  66027
MAGNETO1_BOTH  65930
MAGNETO1_DECR  66126
MAGNETO1_INCR  66127
MAGNETO1_LEFT  65929
MAGNETO1_OFF  65927
MAGNETO1_RIGHT  65928
MAGNETO1_SET  66400
MAGNETO1_START  65931
MAGNETO2_BOTH  65936
MAGNETO2_DECR  66128
MAGNETO2_INCR  66129
MAGNETO2_LEFT  65935
MAGNETO2_OFF  65933
MAGNETO2_RIGHT  65934
MAGNETO2_SET  66401
MAGNETO2_START  65937
MAGNETO3_BOTH  65942
MAGNETO3_DECR  66130
MAGNETO3_INCR  66131
MAGNETO3_LEFT  65941
MAGNETO3_OFF  65939
MAGNETO3_RIGHT  65940
MAGNETO3_SET  66402
MAGNETO3_START  65943
MAGNETO4_BOTH  65948
MAGNETO4_DECR  66132
MAGNETO4_INCR  66133
MAGNETO4_LEFT  65947
MAGNETO4_OFF  65945
MAGNETO4_RIGHT  65946
MAGNETO4_SET  66403
MAGNETO4_START  65949
MANUAL_FUEL_PRESSURE_PUMP  66740
MANUAL_FUEL_PRESSURE_PUMP_SET  67308
MANUAL_FUEL_TRANSFER  66582
MAP_ZOOM_FINE_IN  65670
MAP_ZOOM_FINE_OUT  65673
MARKER_BEACON_SENSITIVITY_HIGH  66951
MARKER_BEACON_TEST_MUTE  66952
MARKER_SOUND_TOGGLE  66477
MASTER_BATTERY_OFF  67172
MASTER_BATTERY_ON  67173
MASTER_BATTERY_SET  67180
MASTER_CAUTION_ACKNOWLEDGE  67423
MASTER_CAUTION_OFF  67421
MASTER_CAUTION_ON  67420
MASTER_CAUTION_SET  67419
MASTER_CAUTION_TOGGLE  67422
MASTER_WARNING_ACKNOWLEDGE  67418
MASTER_WARNING_OFF  67416
MASTER_WARNING_ON  67415
MASTER_WARNING_SET  67414
MASTER_WARNING_TOGGLE  67417
MENU_RENO_KICK_PLAYER  67428
MINUS  65548
MINUS_SHIFT  65756
MIXTURE_DECR  65777
MIXTURE_DECR_SMALL  66644
MIXTURE_INCR  65775
MIXTURE_INCR_SMALL  65776
MIXTURE_LEAN  65778
MIXTURE_RICH  65774
MIXTURE_SET  65773
MIXTURE_SET_BEST  66600
MIXTURE1_DECR  65986
MIXTURE1_DECR_SMALL  66645
MIXTURE1_INCR  65984
MIXTURE1_INCR_SMALL  65985
MIXTURE1_LEAN  65987
MIXTURE1_RICH  65983
MIXTURE1_SET  65919
MIXTURE2_DECR  65991
MIXTURE2_DECR_SMALL  66646
MIXTURE2_INCR  65989
MIXTURE2_INCR_SMALL  65990
MIXTURE2_LEAN  65992
MIXTURE2_RICH  65988
MIXTURE2_SET  65920
MIXTURE3_DECR  65996
MIXTURE3_DECR_SMALL  66647
MIXTURE3_INCR  65994
MIXTURE3_INCR_SMALL  65995
MIXTURE3_LEAN  65997
MIXTURE3_RICH  65993
MIXTURE3_SET  65921
MIXTURE4_DECR  66001
MIXTURE4_DECR_SMALL  66648
MIXTURE4_INCR  65999
MIXTURE4_INCR_SMALL  66000
MIXTURE4_LEAN  66002
MIXTURE4_RICH  65998
MIXTURE4_SET  65922
MOUSE_AS_YOKE_TOGGLE  65619
MP_ACTIVATE_CHAT  65905
MP_BROADCAST_VOICE_CAPTURE_START  66735
MP_BROADCAST_VOICE_CAPTURE_STOP  66736
MP_CHAT  65904
MP_PLAYER_CYCLE  65902
MP_PLAYER_FOLLOW  65903
MP_TRANSFER_CONTROL  65901
MP_VOICE_CAPTURE_START  66684
MP_VOICE_CAPTURE_STOP  66685
NAV_LIGHTS_OFF  67171
NAV_LIGHTS_ON  67170
NAV_LIGHTS_SET  67186
NAV_RADIO  65585
NAV1_CLOSE_FREQ_SET  67254
NAV1_RADIO_FRACT_DEC  65642
NAV1_RADIO_FRACT_DEC_CARRY  66445
NAV1_RADIO_FRACT_INC  65643
NAV1_RADIO_FRACT_INC_CARRY  66446
NAV1_RADIO_SET  65708
NAV1_RADIO_SET_HZ  67251
NAV1_RADIO_SWAP  66448
NAV1_RADIO_WHOLE_DEC  65640
NAV1_RADIO_WHOLE_INC  65641
NAV1_STBY_SET  66447
NAV1_STBY_SET_HZ  67249
NAV1_VOLUME_DEC  66989
NAV1_VOLUME_INC  66988
NAV1_VOLUME_SET  66987
NAV1_VOLUME_SET_EX1  67326
NAV2_CLOSE_FREQ_SET  67255
NAV2_RADIO_FRACT_DEC  65646
NAV2_RADIO_FRACT_DEC_CARRY  66449
NAV2_RADIO_FRACT_INC  65647
NAV2_RADIO_FRACT_INC_CARRY  66450
NAV2_RADIO_SET  65709
NAV2_RADIO_SET_HZ  67252
NAV2_RADIO_SWAP  66452
NAV2_RADIO_WHOLE_DEC  65644
NAV2_RADIO_WHOLE_INC  65645
NAV2_STBY_SET  66451
NAV2_STBY_SET_HZ  67250
NAV2_VOLUME_DEC  66992
NAV2_VOLUME_INC  66991
NAV2_VOLUME_SET  66990
NAV2_VOLUME_SET_EX1  67327
NAV3_CLOSE_FREQ_SET  67261
NAV3_RADIO_SET  67257
NAV3_RADIO_SET_HZ  67258
NAV3_RADIO_SWAP  67256
NAV3_STBY_SET  67259
NAV3_STBY_SET_HZ  67260
NAV4_CLOSE_FREQ_SET  67267
NAV4_RADIO_SET  67263
NAV4_RADIO_SET_HZ  67264
NAV4_RADIO_SWAP  67262
NAV4_STBY_SET  67265
NAV4_STBY_SET_HZ  67266
NEW_MAP  65826
NEW_VIEW  65825
NEXT_SUB_VIEW  66153
NEXT_VIEW  65827
NITROUS_TANK_VALVE_TOGGLE  66872
OIL_COOLING_FLAPS_DOWN  67320
OIL_COOLING_FLAPS_SET  67318
OIL_COOLING_FLAPS_TOGGLE  67321
OIL_COOLING_FLAPS_UP  67319
PAN_DOWN  65735
PAN_LEFT  65671
PAN_LEFT_DOWN  65855
PAN_LEFT_UP  65854
PAN_RESET  65875
PAN_RESET_COCKPIT  66415
PAN_RIGHT  65672
PAN_RIGHT_DOWN  65857
PAN_RIGHT_UP  65856
PAN_TILT_LEFT  65873
PAN_TILT_RIGHT  65874
PAN_UP  65734
PAN_VIEW  66416
PANEL_1  65906
PANEL_2  65907
PANEL_3  65908
PANEL_4  65909
PANEL_5  65910
PANEL_6  65911
PANEL_7  65912
PANEL_8  65913
PANEL_9  65914
PANEL_HUD_NEXT  66404
PANEL_HUD_PREVIOUS  66407
PANEL_ID_CLOSE  66508
PANEL_ID_OPEN  66507
PANEL_ID_TOGGLE  66506
PANEL_LIGHTS_OFF  66057
PANEL_LIGHTS_ON  66056
PANEL_LIGHTS_POWER_SETTING_SET  67209
PANEL_LIGHTS_SET  66058
PANEL_LIGHTS_TOGGLE  65750
PARKING_BRAKE_SET  67271
PARKING_BRAKES  65752
PAUSE_OFF  65795
PAUSE_ON  65794
PAUSE_SET  66055
PAUSE_TOGGLE  65561
PEDESTRAL_LIGHTS_OFF  66969
PEDESTRAL_LIGHTS_ON  66968
PEDESTRAL_LIGHTS_POWER_SETTING_SET  67211
PEDESTRAL_LIGHTS_SET  66970
PEDESTRAL_LIGHTS_TOGGLE  66967
PILOT_TRANSMITTER_SET  66945
PITOT_HEAT_OFF  66073
PITOT_HEAT_ON  66072
PITOT_HEAT_SET  66074
PITOT_HEAT_TOGGLE  65858
PLUS  65549
PLUS_SHIFT  65757
POINT_OF_INTEREST_CYCLE_NEXT  66694
POINT_OF_INTEREST_CYCLE_PREVIOUS  66693
POINT_OF_INTEREST_TOGGLE_POINTER  66692
PRESSURIZATION_CLIMB_RATE_DEC  66839
PRESSURIZATION_CLIMB_RATE_INC  66838
PRESSURIZATION_PRESSURE_ALT_DEC  66837
PRESSURIZATION_PRESSURE_ALT_INC  66836
PRESSURIZATION_PRESSURE_DUMP_SWITCH  66841
PREV_SUB_VIEW  66154
PREV_VIEW  65828
PROP_PITCH_AXIS_SET_EX1  67131
PROP_PITCH_DECR  65771
PROP_PITCH_DECR_SMALL  66639
PROP_PITCH_DECREASE_EX1  67134
PROP_PITCH_DECREASE_SMALL_EX1  67135
PROP_PITCH_HI  65772
PROP_PITCH_HI_EX1  67137
PROP_PITCH_INCR  65769
PROP_PITCH_INCR_SMALL  65770
PROP_PITCH_INCREASE_EX1  67132
PROP_PITCH_INCREASE_SMALL_EX1  67133
PROP_PITCH_LO  65768
PROP_PITCH_LO_EX1  67136
PROP_PITCH_SET  65767
PROP_PITCH1_AXIS_SET_EX1  67138
PROP_PITCH1_DECR  66006
PROP_PITCH1_DECR_SMALL  66640
PROP_PITCH1_DECREASE_EX1  67141
PROP_PITCH1_DECREASE_SMALL_EX1  67142
PROP_PITCH1_HI  66007
PROP_PITCH1_HI_EX1  67144
PROP_PITCH1_INCR  66004
PROP_PITCH1_INCR_SMALL  66005
PROP_PITCH1_INCREASE_EX1  67139
PROP_PITCH1_INCREASE_SMALL_EX1  67140
PROP_PITCH1_LO  66003
PROP_PITCH1_LO_EX1  67143
PROP_PITCH1_SET  65923
PROP_PITCH2_AXIS_SET_EX1  67145
PROP_PITCH2_DECR  66011
PROP_PITCH2_DECR_SMALL  66641
PROP_PITCH2_DECREASE_EX1  67148
PROP_PITCH2_DECREASE_SMALL_EX1  67149
PROP_PITCH2_HI  66012
PROP_PITCH2_HI_EX1  67151
PROP_PITCH2_INCR  66009
PROP_PITCH2_INCR_SMALL  66010
PROP_PITCH2_INCREASE_EX1  67146
PROP_PITCH2_INCREASE_SMALL_EX1  67147
PROP_PITCH2_LO  66008
PROP_PITCH2_LO_EX1  67150
PROP_PITCH2_SET  65924
PROP_PITCH3_AXIS_SET_EX1  67152
PROP_PITCH3_DECR  66016
PROP_PITCH3_DECR_SMALL  66642
PROP_PITCH3_DECREASE_EX1  67155
PROP_PITCH3_DECREASE_SMALL_EX1  67156
PROP_PITCH3_HI  66017
PROP_PITCH3_HI_EX1  67158
PROP_PITCH3_INCR  66014
PROP_PITCH3_INCR_SMALL  66015
PROP_PITCH3_INCREASE_EX1  67153
PROP_PITCH3_INCREASE_SMALL_EX1  67154
PROP_PITCH3_LO  66013
PROP_PITCH3_LO_EX1  67157
PROP_PITCH3_SET  65925
PROP_PITCH4_AXIS_SET_EX1  67159
PROP_PITCH4_DECR  66021
PROP_PITCH4_DECR_SMALL  66643
PROP_PITCH4_DECREASE_EX1  67162
PROP_PITCH4_DECREASE_SMALL_EX1  67163
PROP_PITCH4_HI  66022
PROP_PITCH4_HI_EX1  67165
PROP_PITCH4_INCR  66019
PROP_PITCH4_INCR_SMALL  66020
PROP_PITCH4_INCREASE_EX1  67160
PROP_PITCH4_INCREASE_SMALL_EX1  67161
PROP_PITCH4_LO  66018
PROP_PITCH4_LO_EX1  67164
PROP_PITCH4_SET  65926
PROPELLER_REVERSE_THRUST_HOLD  67095
PROPELLER_REVERSE_THRUST_TOGGLE  67094
RADIATOR_COOLING_FLAPS_DOWN  67324
RADIATOR_COOLING_FLAPS_SET  67322
RADIATOR_COOLING_FLAPS_TOGGLE  67325
RADIATOR_COOLING_FLAPS_UP  67323
RADIO_ADF_IDENT_DISABLE  65836
RADIO_ADF_IDENT_ENABLE  65841
RADIO_ADF_IDENT_SET  65851
RADIO_ADF_IDENT_TOGGLE  65846
RADIO_ADF2_IDENT_DISABLE  66557
RADIO_ADF2_IDENT_ENABLE  66558
RADIO_ADF2_IDENT_SET  66560
RADIO_ADF2_IDENT_TOGGLE  66559
RADIO_COMMNAV1_TEST_TOGGLE  66280
RADIO_COMMNAV2_TEST_TOGGLE  66281
RADIO_COMMNAV3_TEST_TOGGLE  66963
RADIO_DME1_IDENT_DISABLE  65834
RADIO_DME1_IDENT_ENABLE  65839
RADIO_DME1_IDENT_SET  65849
RADIO_DME1_IDENT_TOGGLE  65844
RADIO_DME2_IDENT_DISABLE  65835
RADIO_DME2_IDENT_ENABLE  65840
RADIO_DME2_IDENT_SET  65850
RADIO_DME2_IDENT_TOGGLE  65845
RADIO_SELECTED_DME_IDENT_DISABLE  66666
RADIO_SELECTED_DME_IDENT_ENABLE  66665
RADIO_SELECTED_DME_IDENT_SET  66667
RADIO_SELECTED_DME_IDENT_TOGGLE  66668
RADIO_VOR1_IDENT_DISABLE  65832
RADIO_VOR1_IDENT_ENABLE  65837
RADIO_VOR1_IDENT_SET  65847
RADIO_VOR1_IDENT_TOGGLE  65842
RADIO_VOR2_IDENT_DISABLE  65833
RADIO_VOR2_IDENT_ENABLE  65838
RADIO_VOR2_IDENT_SET  65848
RADIO_VOR2_IDENT_TOGGLE  65843
READOUTS_FLIGHT  65737
READOUTS_SLEW  65736
RECOGNITION_LIGHTS_SET  67234
REFRESH_SCENERY  65562
RELEASE_DROP_TANK_1  66393
RELEASE_DROP_TANK_2  66394
RELEASE_DROP_TANK_ALL  66392
RELEASE_DROPPABLE_OBJECTS  66658
RELOAD_PANELS  66492
RELOAD_USER_AIRCRAFT  66512
REPAIR_AND_REFUEL  66649
REQUEST_CATERING  67207
REQUEST_FUEL_KEY  66657
REQUEST_LUGGAGE  67204
REQUEST_POWER_SUPPLY  67206
RESET_G_FORCE_INDICATOR  66580
RESET_MAX_RPM_INDICATOR  66581
RETRACT_FLOAT_SWITCH_DEC  66696
RETRACT_FLOAT_SWITCH_INC  66697
ROTOR_BRAKE  66587
ROTOR_CLUTCH_SWITCH_SET  66589
ROTOR_CLUTCH_SWITCH_TOGGLE  66588
ROTOR_GOV_SWITCH_SET  66591
ROTOR_GOV_SWITCH_TOGGLE  66590
ROTOR_LATERAL_TRIM_DEC  66593
ROTOR_LATERAL_TRIM_INC  66592
ROTOR_LATERAL_TRIM_SET  66594
RPM_SLOT_INDEX_SET  67221
RUDDER_AXIS_MINUS  67285
RUDDER_AXIS_PLUS  67284
RUDDER_CENTER  65689
RUDDER_LEFT  65688
RUDDER_RIGHT  65690
RUDDER_SET  65696
RUDDER_TRIM_DISABLED_SET  67000
RUDDER_TRIM_DISABLED_TOGGLE  67001
RUDDER_TRIM_LEFT  66278
RUDDER_TRIM_RESET  67272
RUDDER_TRIM_RIGHT  66279
RUDDER_TRIM_SET  66732
RUDDER_TRIM_SET_EX1  67235
SCRIPT_EVENT_1  65782
SCRIPT_EVENT_2  65783
SEE_OWN_AC_OFF  66120
SEE_OWN_AC_ON  66119
SEE_OWN_AC_SET  66121
SEE_OWN_AC_TOGGLE  66118
SELECT_1  65538
SELECT_2  65539
SELECT_3  65540
SELECT_4  65541
SET_AUTOBRAKE_CONTROL  66723
SET_EXTERNAL_POWER  67091
SET_FUEL_TRANSFER_AFT  66326
SET_FUEL_TRANSFER_AUTO  66327
SET_FUEL_TRANSFER_CUSTOM  67067
SET_FUEL_TRANSFER_FORWARD  66325
SET_FUEL_TRANSFER_OFF  66328
SET_FUEL_VALVE_ENG1  67280
SET_FUEL_VALVE_ENG2  67281
SET_FUEL_VALVE_ENG3  67282
SET_FUEL_VALVE_ENG4  67283
SET_LAUNCH_BAR_SWITCH  66879
SET_STARTER_ALL_HELD  67006
SET_STARTER1_HELD  67007
SET_STARTER2_HELD  67008
SET_STARTER3_HELD  67009
SET_STARTER4_HELD  67010
SET_TAIL_HOOK_HANDLE  66881
SET_THROTTLE1_REVERSE_THRUST_OFF  67404
SET_THROTTLE1_REVERSE_THRUST_ON  67400
SET_THROTTLE2_REVERSE_THRUST_OFF  67405
SET_THROTTLE2_REVERSE_THRUST_ON  67401
SET_THROTTLE3_REVERSE_THRUST_OFF  67406
SET_THROTTLE3_REVERSE_THRUST_ON  67402
SET_THROTTLE4_REVERSE_THRUST_OFF  67407
SET_THROTTLE4_REVERSE_THRUST_ON  67403
SET_WING_FOLD  66882
SHUTOFF_VALVE_OFF  66893
SHUTOFF_VALVE_ON  66892
SHUTOFF_VALVE_TOGGLE  66891
SIM_RATE  65555
SIM_RATE_DECR  65790
SIM_RATE_INCR  65789
SIM_RATE_SET  66041
SIM_RESET  66586
SIMUI_WINDOW_HIDESHOW  66686
SITUATION_RESET  65591
SITUATION_SAVE  65575
SLEW_AHEAD_MINUS  65745
SLEW_AHEAD_PLUS  65739
SLEW_ALTIT_DN_FAST  65624
SLEW_ALTIT_DN_SLOW  65623
SLEW_ALTIT_FREEZE  65622
SLEW_ALTIT_MINUS  65626
SLEW_ALTIT_PLUS  65625
SLEW_ALTIT_UP_FAST  65620
SLEW_ALTIT_UP_SLOW  65621
SLEW_BANK_MINUS  65738
SLEW_BANK_PLUS  65740
SLEW_FREEZE  65742
SLEW_HEADING_MINUS  65744
SLEW_HEADING_PLUS  65746
SLEW_LEFT  65741
SLEW_OFF  65730
SLEW_ON  65731
SLEW_PITCH_DN_FAST  65627
SLEW_PITCH_DN_SLOW  65628
SLEW_PITCH_FREEZE  65629
SLEW_PITCH_MINUS  65633
SLEW_PITCH_PLUS  65632
SLEW_PITCH_UP_FAST  65631
SLEW_PITCH_UP_SLOW  65630
SLEW_RESET  65796
SLEW_RIGHT  65743
SLEW_SET  66048
SLEW_TOGGLE  65557
SLING_PICKUP_RELEASE  66861
SMOKE_OFF  66050
SMOKE_ON  66049
SMOKE_SET  66051
SMOKE_TOGGLE  65559
SNAP_VIEW  66417
SOUND_OFF  66063
SOUND_ON  66062
SOUND_SET  65692
SOUND_TOGGLE  65552
SPEED_SLOT_INDEX_SET  68066
SPOILERS_ARM_OFF  66067
SPOILERS_ARM_ON  66066
SPOILERS_ARM_SET  66068
SPOILERS_ARM_TOGGLE  65853
SPOILERS_OFF  66065
SPOILERS_ON  66064
SPOILERS_SET  65786
SPOILERS_TOGGLE  65589
STARTER1_SET  68045
STARTER2_SET  65938
STARTER3_SET  65944
STARTER4_SET  65950
STEERING_DEC  66817
STEERING_INC  66816
STEERING_SET  66818
STROBES_OFF  66053
STROBES_ON  66052
STROBES_SET  66054
STROBES_TOGGLE  65560
SYNC_FLIGHT_DIRECTOR_PITCH  66289
TACAN1_ACTIVE_CHANNEL_SET  67328
TACAN1_ACTIVE_MODE_SET  67329
TACAN1_OBI_DEC  67350
TACAN1_OBI_FAST_DEC  67354
TACAN1_OBI_FAST_INC  67356
TACAN1_OBI_INC  67352
TACAN1_SET  67348
TACAN1_STANDBY_CHANNEL_SET  67330
TACAN1_STANDBY_MODE_SET  67331
TACAN1_SWAP  67332
TACAN1_VOLUME_DEC  67333
TACAN1_VOLUME_INC  67334
TACAN1_VOLUME_SET  67335
TACAN2_ACTIVE_CHANNEL_SET  67336
TACAN2_ACTIVE_MODE_SET  67337
TACAN2_OBI_DEC  67351
TACAN2_OBI_FAST_DEC  67355
TACAN2_OBI_FAST_INC  67357
TACAN2_OBI_INC  67353
TACAN2_SET  67349
TACAN2_STANDBY_CHANNEL_SET  67338
TACAN2_STANDBY_MODE_SET  67339
TACAN2_SWAP  67340
TACAN2_VOLUME_DEC  67341
TACAN2_VOLUME_INC  67342
TACAN2_VOLUME_SET  67343
TAKEOFF_ASSIST_ARM_SET  66877
TAKEOFF_ASSIST_ARM_TOGGLE  66876
TAKEOFF_ASSIST_FIRE  66878
TAXI_LIGHTS_OFF  67167
TAXI_LIGHTS_ON  67166
TAXI_LIGHTS_SET  67184
THROTTLE_10  66225
THROTTLE_20  66226
THROTTLE_30  66227
THROTTLE_40  66228
THROTTLE_50  66229
THROTTLE_60  66230
THROTTLE_70  66231
THROTTLE_80  66232
THROTTLE_90  66233
THROTTLE_AXIS_SET_EX1  67096
THROTTLE_CUT  65604
THROTTLE_CUT_EX1  67102
THROTTLE_DECR  65602
THROTTLE_DECR_SMALL  66634
THROTTLE_DECREASE_EX1  67099
THROTTLE_DECREASE_SMALL_EX1  67100
THROTTLE_FULL  65596
THROTTLE_FULL_EX1  67101
THROTTLE_INCR  65598
THROTTLE_INCR_SMALL  65600
THROTTLE_INCREASE_EX1  67097
THROTTLE_INCREASE_SMALL_EX1  67098
THROTTLE_REVERSE_THRUST_HOLD  67093
THROTTLE_REVERSE_THRUST_TOGGLE  68069
THROTTLE_SET  65697
THROTTLE1_AXIS_SET_EX1  67103
THROTTLE1_CUT  65967
THROTTLE1_CUT_EX1  67109
THROTTLE1_DECR  65966
THROTTLE1_DECR_SMALL  66635
THROTTLE1_DECREASE_EX1  67106
THROTTLE1_DECREASE_SMALL_EX1  67107
THROTTLE1_FULL  65963
THROTTLE1_FULL_EX1  67108
THROTTLE1_INCR  65964
THROTTLE1_INCR_SMALL  65965
THROTTLE1_INCREASE_EX1  67104
THROTTLE1_INCREASE_SMALL_EX1  67105
THROTTLE1_REVERSE_THRUST_HOLD  67408
THROTTLE1_SET  65820
THROTTLE2_AXIS_SET_EX1  67110
THROTTLE2_CUT  65972
THROTTLE2_CUT_EX1  67116
THROTTLE2_DECR  65971
THROTTLE2_DECR_SMALL  66636
THROTTLE2_DECREASE_EX1  67113
THROTTLE2_DECREASE_SMALL_EX1  67114
THROTTLE2_FULL  65968
THROTTLE2_FULL_EX1  67115
THROTTLE2_INCR  65969
THROTTLE2_INCR_SMALL  65970
THROTTLE2_INCREASE_EX1  67111
THROTTLE2_INCREASE_SMALL_EX1  67112
THROTTLE2_REVERSE_THRUST_HOLD  67409
THROTTLE2_SET  65821
THROTTLE3_AXIS_SET_EX1  67117
THROTTLE3_CUT  65977
THROTTLE3_CUT_EX1  67123
THROTTLE3_DECR  65976
THROTTLE3_DECR_SMALL  66637
THROTTLE3_DECREASE_EX1  67120
THROTTLE3_DECREASE_SMALL_EX1  67121
THROTTLE3_FULL  65973
THROTTLE3_FULL_EX1  67122
THROTTLE3_INCR  65974
THROTTLE3_INCR_SMALL  65975
THROTTLE3_INCREASE_EX1  67118
THROTTLE3_INCREASE_SMALL_EX1  67119
THROTTLE3_REVERSE_THRUST_HOLD  67410
THROTTLE3_SET  65822
THROTTLE4_AXIS_SET_EX1  67124
THROTTLE4_CUT  65982
THROTTLE4_CUT_EX1  67130
THROTTLE4_DECR  65981
THROTTLE4_DECR_SMALL  66638
THROTTLE4_DECREASE_EX1  67127
THROTTLE4_DECREASE_SMALL_EX1  67128
THROTTLE4_FULL  65978
THROTTLE4_FULL_EX1  67129
THROTTLE4_INCR  65979
THROTTLE4_INCR_SMALL  65980
THROTTLE4_INCREASE_EX1  67125
THROTTLE4_INCREASE_SMALL_EX1  67126
THROTTLE4_REVERSE_THRUST_HOLD  67411
THROTTLE4_SET  65823
TOGGLE_AFTERBURNER  66296
TOGGLE_AFTERBURNER1  66359
TOGGLE_AFTERBURNER2  66360
TOGGLE_AFTERBURNER3  66361
TOGGLE_AFTERBURNER4  66362
TOGGLE_AIRCRAFT_EXIT  66389
TOGGLE_AIRCRAFT_EXIT_FAST  68536
TOGGLE_AIRCRAFT_LABELS  66199
TOGGLE_AIRPORT_NAME_DISPLAY  66724
TOGGLE_ALL_STARTERS  66304
TOGGLE_ALTERNATE_STATIC  66317
TOGGLE_ALTERNATOR1  66363
TOGGLE_ALTERNATOR2  66364
TOGGLE_ALTERNATOR3  66365
TOGGLE_ALTERNATOR4  66366
TOGGLE_AUTOFEATHER_ARM  66297
TOGGLE_AVIONICS_MASTER  66293
TOGGLE_BEACON_LIGHTS  66239
TOGGLE_CABIN_LIGHTS  66579
TOGGLE_DME  66286
TOGGLE_ELECT_FUEL_PUMP  66339
TOGGLE_ELECT_FUEL_PUMP1  66340
TOGGLE_ELECT_FUEL_PUMP2  66341
TOGGLE_ELECT_FUEL_PUMP3  66342
TOGGLE_ELECT_FUEL_PUMP4  66343
TOGGLE_ELECTRIC_VACUUM_PUMP  66290
TOGGLE_ELECTRICAL_FAILURE  66306
TOGGLE_ENGINE1_FAILURE  66313
TOGGLE_ENGINE2_FAILURE  66314
TOGGLE_ENGINE3_FAILURE  66315
TOGGLE_ENGINE4_FAILURE  66316
TOGGLE_EXTERNAL_POWER  67090
TOGGLE_FEATHER_SWITCH_1  66537
TOGGLE_FEATHER_SWITCH_2  66538
TOGGLE_FEATHER_SWITCH_3  66539
TOGGLE_FEATHER_SWITCH_4  66540
TOGGLE_FEATHER_SWITCHES  66536
TOGGLE_FLIGHT_DIRECTOR  66288
TOGGLE_FUEL_VALVE_ALL  66493
TOGGLE_FUEL_VALVE_ENG1  66494
TOGGLE_FUEL_VALVE_ENG2  66495
TOGGLE_FUEL_VALVE_ENG3  66496
TOGGLE_FUEL_VALVE_ENG4  66497
TOGGLE_GPS_DRIVES_NAV1  66375
TOGGLE_HYDRAULIC_FAILURE  66309
TOGGLE_ICS  66948
TOGGLE_JETWAY  66695
TOGGLE_LAUNCH_BAR_SWITCH  66880
TOGGLE_LEFT_BRAKE_FAILURE  66311
TOGGLE_LOGO_LIGHTS  66376
TOGGLE_MASTER_ALTERNATOR  66242
TOGGLE_MASTER_BATTERY  66241
TOGGLE_MASTER_BATTERY_ALTERNATOR  66374
TOGGLE_MASTER_IGNITION_SWITCH  66535
TOGGLE_MASTER_STARTER_SWITCH  66725
TOGGLE_NAV_LIGHTS  66379
TOGGLE_PITOT_BLOCKAGE  66307
TOGGLE_PRIMER  66344
TOGGLE_PRIMER1  66345
TOGGLE_PRIMER2  66346
TOGGLE_PRIMER3  66347
TOGGLE_PRIMER4  66348
TOGGLE_PROPELLER_DEICE  66338
TOGGLE_PROPELLER_SYNC  66287
TOGGLE_PUSHBACK  66483
TOGGLE_RACERESULTS_WINDOW  66883
TOGGLE_RAD_INS_SWITCH  66320
TOGGLE_RAMPTRUCK  67205
TOGGLE_RECOGNITION_LIGHTS  66377
TOGGLE_RIGHT_BRAKE_FAILURE  66312
TOGGLE_SPEAKER  66947
TOGGLE_STARTER1  66300
TOGGLE_STARTER2  66301
TOGGLE_STARTER3  66302
TOGGLE_STARTER4  66303
TOGGLE_STATIC_PORT_BLOCKAGE  66308
TOGGLE_STRUCTURAL_DEICE  66337
TOGGLE_TACAN_DRIVES_NAV1  67358
TOGGLE_TAIL_HOOK_HANDLE  66391
TOGGLE_TAILWHEEL_LOCK  66541
TOGGLE_TAXI_LIGHTS  66240
TOGGLE_THROTTLE1_REVERSE_THRUST  67394
TOGGLE_THROTTLE2_REVERSE_THRUST  67395
TOGGLE_THROTTLE3_REVERSE_THRUST  67396
TOGGLE_THROTTLE4_REVERSE_THRUST  67397
TOGGLE_TOTAL_BRAKE_FAILURE  66310
TOGGLE_TURN_INDICATOR_SWITCH  66688
TOGGLE_VACUUM_FAILURE  66305
TOGGLE_VARIOMETER_SWITCH  66687
TOGGLE_WATER_BALLAST_VALVE  66698
TOGGLE_WATER_RUDDER  66482
TOGGLE_WING_FOLD  66390
TOGGLE_WING_LIGHTS  66378
TOW_PLANE_RELEASE  66806
TOW_PLANE_REQUEST  66807
TRUE_AIRSPEED_CAL_DEC  65886
TRUE_AIRSPEED_CAL_INC  65885
TRUE_AIRSPEED_CAL_SET  66043
TUG_DISABLE  66533
TURBINE_IGNITION_SWITCH_SET  67016
TURBINE_IGNITION_SWITCH_SET1  67017
TURBINE_IGNITION_SWITCH_SET2  67018
TURBINE_IGNITION_SWITCH_SET3  67019
TURBINE_IGNITION_SWITCH_SET4  67020
TURBINE_IGNITION_SWITCH_TOGGLE  66717
VIDEO_RECORD_TOGGLE  66722
VIEW  65606
VIEW_ALWAYS_PAN_DOWN  66152
VIEW_ALWAYS_PAN_UP  66151
VIEW_AUX_00  66182
VIEW_AUX_01  66183
VIEW_AUX_02  66184
VIEW_AUX_03  66185
VIEW_AUX_04  66186
VIEW_AUX_05  66187
VIEW_AXIS_INDICATOR_CYCLE  66690
VIEW_CAMERA_SELECT_0  66860
VIEW_CAMERA_SELECT_1  66851
VIEW_CAMERA_SELECT_2  66852
VIEW_CAMERA_SELECT_3  66853
VIEW_CAMERA_SELECT_4  66854
VIEW_CAMERA_SELECT_5  66855
VIEW_CAMERA_SELECT_6  66856
VIEW_CAMERA_SELECT_7  66857
VIEW_CAMERA_SELECT_8  66858
VIEW_CAMERA_SELECT_9  66859
VIEW_CAMERA_SELECT_START  66168
VIEW_CHASE_DISTANCE_ADD  66699
VIEW_CHASE_DISTANCE_SUB  66700
VIEW_COCKPIT_FORWARD  66653
VIEW_DOWN  65682
VIEW_FORWARD  65674
VIEW_FORWARD_LEFT  65681
VIEW_FORWARD_LEFT_UP  66144
VIEW_FORWARD_RIGHT  65675
VIEW_FORWARD_RIGHT_UP  66138
VIEW_FORWARD_UP  66137
VIEW_LEFT  65680
VIEW_LEFT_UP  66143
VIEW_LINKING_SET  66663
VIEW_LINKING_TOGGLE  66664
VIEW_MAP_ORIENTATION_CYCLE  66691
VIEW_MODE  65567
VIEW_MODE_REV  65749
VIEW_PANEL_ALPHA_DEC  66662
VIEW_PANEL_ALPHA_INC  66661
VIEW_PANEL_ALPHA_SELECT  66660
VIEW_PANEL_ALPHA_SET  66659
VIEW_PREVIOUS_TOGGLE  66167
VIEW_REAR  65678
VIEW_REAR_LEFT  65679
VIEW_REAR_LEFT_UP  66142
VIEW_REAR_RIGHT  65677
VIEW_REAR_RIGHT_UP  66140
VIEW_REAR_UP  66141
VIEW_RESET  66147
VIEW_RIGHT  65676
VIEW_RIGHT_UP  66139
VIEW_TRACK_PAN_TOGGLE  66166
VIEW_TYPE_REV  65830
VIEW_UP  66145
VIEW_VIRTUAL_COCKPIT_FORWARD  66654
VIEW_WINDOW_TITLES_TOGGLE  66689
VIEW_WINDOW_TO_FRONT  65576
VIEW1_DIRECTION_SET  65693
VIRTUAL_COPILOT_ACTION  66599
VIRTUAL_COPILOT_SET  66598
VIRTUAL_COPILOT_TOGGLE  66597
VOR_OBS  65583
VOR1_OBI_DEC  65662
VOR1_OBI_INC  65663
VOR1_SET  65716
VOR2_OBI_DEC  65664
VOR2_OBI_INC  65665
VOR2_SET  65717
VS_SLOT_INDEX_SET  68068
VSI_BUG_SELECT  66511
WAR_EMERGENCY_POWER  66202
WINDSHIELD_DEICE_OFF  67226
WINDSHIELD_DEICE_ON  67225
WINDSHIELD_DEICE_SET  67223
WINDSHIELD_DEICE_TOGGLE  67224
WING_LIGHTS_OFF  67305
WING_LIGHTS_ON  67306
WING_LIGHTS_SET  67307
XPNDR  65556
XPNDR_1_DEC  66458
XPNDR_1_INC  65654
XPNDR_10_DEC  66457
XPNDR_10_INC  65653
XPNDR_100_DEC  66456
XPNDR_100_INC  65652
XPNDR_1000_DEC  66455
XPNDR_1000_INC  65651
XPNDR_DEC_CARRY  66459
XPNDR_IDENT_OFF  67315
XPNDR_IDENT_ON  67314
XPNDR_IDENT_SET  67312
XPNDR_IDENT_TOGGLE  67313
XPNDR_INC_CARRY  66460
XPNDR_SET  65715
YAW_DAMPER_OFF  66070
YAW_DAMPER_ON  66069
YAW_DAMPER_SET  66071
YAW_DAMPER_TOGGLE  65793
YAXIS_INVERT_TOGGLE  66743
ZOOM_1X  65550
ZOOM_IN  65655
ZOOM_IN_FINE  65754
ZOOM_MINUS  65718
ZOOM_OUT  65656
ZOOM_OUT_FINE  65755
ZOOM_PLUS  65719
ZULU_DAY_SET  66077
ZULU_HOURS_SET  66075
ZULU_MINUTES_SET  66076
ZULU_YEAR_SET  66078
